  MyForm.cpp
  Roulette.cpp
C:\Users\Jakub\Documents\ProjectsCpp\Ruletka\Ruletka\Roulette.cpp(6,12): warning C4244: "argument": konwersja z "time_t" do "unsigned int", możliwa utrata danych
C:\Users\Jakub\Documents\ProjectsCpp\Ruletka\Ruletka\Roulette.cpp(368,13): warning C4244: "inicjowanie": konwersja z "double" do "int", możliwa utrata danych
C:\Users\Jakub\Documents\ProjectsCpp\Ruletka\Ruletka\Roulette.cpp(409,37): warning C4244: "=": konwersja z "double" do "int", możliwa utrata danych
C:\Users\Jakub\Documents\ProjectsCpp\Ruletka\Ruletka\Roulette.cpp(410,37): warning C4244: "=": konwersja z "double" do "int", możliwa utrata danych
C:\Users\Jakub\Documents\ProjectsCpp\Ruletka\Ruletka\Roulette.cpp(386,43): warning C4244: "argument": konwersja z "double" do "int", możliwa utrata danych
C:\Users\Jakub\Documents\ProjectsCpp\Ruletka\Ruletka\Roulette.cpp(398,43): warning C4244: "argument": konwersja z "double" do "int", możliwa utrata danych
C:\Users\Jakub\Documents\ProjectsCpp\Ruletka\Ruletka\Roulette.cpp(456,43): warning C4244: "argument": konwersja z "double" do "int", możliwa utrata danych
C:\Users\Jakub\Documents\ProjectsCpp\Ruletka\Ruletka\Roulette.cpp(469,43): warning C4244: "argument": konwersja z "double" do "int", możliwa utrata danych
C:\Users\Jakub\Documents\ProjectsCpp\Ruletka\Ruletka\Roulette.cpp(484,43): warning C4244: "argument": konwersja z "double" do "int", możliwa utrata danych
C:\Users\Jakub\Documents\ProjectsCpp\Ruletka\Ruletka\Roulette.cpp(496,43): warning C4244: "argument": konwersja z "double" do "int", możliwa utrata danych
  StartForm.cpp
  main.cpp
  Generowanie kodu...
C:\Users\Jakub\Documents\ProjectsCpp\Ruletka\Ruletka\Roulette.cpp(560,1): warning C4715: "Roulette::IsNextTurn”: niewszystkie ścieżki kodu zwracają wartość
C:\Users\Jakub\Documents\ProjectsCpp\Ruletka\Ruletka\Roulette.cpp(525,1): warning C4715: "Roulette::NextTurn”: niewszystkie ścieżki kodu zwracają wartość
C:\Users\Jakub\Documents\ProjectsCpp\Ruletka\Ruletka\Roulette.cpp(539,1): warning C4715: "Roulette::StartTurn”: niewszystkie ścieżki kodu zwracają wartość
  main.obj : napotkano moduł MSIL; konsolidowanie przyrostowe jest wyłączone dla modułów MSIL; zostanie wykonana pełna konsolidacja
  Ruletka.vcxproj -> C:\Users\Jakub\Documents\ProjectsCpp\Ruletka\x64\Debug\Ruletka.exe
